2018-08-09 19:33:17 INFO  ContextLoader:285 - Root WebApplicationContext: initialization started
2018-08-09 19:33:17 INFO  XmlWebApplicationContext:513 - Refreshing Root WebApplicationContext: startup date [Thu Aug 09 19:33:17 EDT 2018]; root of context hierarchy
2018-08-09 19:33:17 INFO  XmlBeanDefinitionReader:316 - Loading XML bean definitions from ServletContext resource [/WEB-INF/spring/webcontext/security-context.xml]
2018-08-09 19:33:17 INFO  SpringSecurityCoreVersion:33 - You are running with Spring Security Core 3.1.4.RELEASE
2018-08-09 19:33:17 ERROR SpringSecurityCoreVersion:35 - *** Spring Major version '3' expected, but you are running with version: 4.0.3.RELEASE. Please check your classpath for unwanted jar files.
2018-08-09 19:33:17 INFO  SecurityNamespaceHandler:59 - Spring Security 'config' module version is 3.1.4.RELEASE
2018-08-09 19:33:18 INFO  HttpSecurityBeanDefinitionParser:264 - Checking sorted filter chain: [Root bean: class [org.springframework.security.web.context.SecurityContextPersistenceFilter]; scope=; abstract=false; lazyInit=false; autowireMode=0; dependencyCheck=0; autowireCandidate=true; primary=false; factoryBeanName=null; factoryMethodName=null; initMethodName=null; destroyMethodName=null, order = 200, Root bean: class [org.springframework.security.web.authentication.logout.LogoutFilter]; scope=; abstract=false; lazyInit=false; autowireMode=0; dependencyCheck=0; autowireCandidate=true; primary=false; factoryBeanName=null; factoryMethodName=null; initMethodName=null; destroyMethodName=null, order = 400, <org.springframework.security.web.authentication.UsernamePasswordAuthenticationFilter#0>, order = 800, Root bean: class [org.springframework.security.web.authentication.www.BasicAuthenticationFilter]; scope=; abstract=false; lazyInit=false; autowireMode=0; dependencyCheck=0; autowireCandidate=true; primary=false; factoryBeanName=null; factoryMethodName=null; initMethodName=null; destroyMethodName=null, order = 1200, Root bean: class [org.springframework.security.web.savedrequest.RequestCacheAwareFilter]; scope=; abstract=false; lazyInit=false; autowireMode=0; dependencyCheck=0; autowireCandidate=true; primary=false; factoryBeanName=null; factoryMethodName=null; initMethodName=null; destroyMethodName=null, order = 1300, Root bean: class [org.springframework.security.web.servletapi.SecurityContextHolderAwareRequestFilter]; scope=; abstract=false; lazyInit=false; autowireMode=0; dependencyCheck=0; autowireCandidate=true; primary=false; factoryBeanName=null; factoryMethodName=null; initMethodName=null; destroyMethodName=null, order = 1400, Root bean: class [org.springframework.security.web.authentication.AnonymousAuthenticationFilter]; scope=; abstract=false; lazyInit=false; autowireMode=0; dependencyCheck=0; autowireCandidate=true; primary=false; factoryBeanName=null; factoryMethodName=null; initMethodName=null; destroyMethodName=null, order = 1700, Root bean: class [org.springframework.security.web.session.SessionManagementFilter]; scope=; abstract=false; lazyInit=false; autowireMode=0; dependencyCheck=0; autowireCandidate=true; primary=false; factoryBeanName=null; factoryMethodName=null; initMethodName=null; destroyMethodName=null, order = 1800, Root bean: class [org.springframework.security.web.access.ExceptionTranslationFilter]; scope=; abstract=false; lazyInit=false; autowireMode=0; dependencyCheck=0; autowireCandidate=true; primary=false; factoryBeanName=null; factoryMethodName=null; initMethodName=null; destroyMethodName=null, order = 1900, <org.springframework.security.web.access.intercept.FilterSecurityInterceptor#0>, order = 2000]
2018-08-09 19:33:18 INFO  DefaultSecurityFilterChain:28 - Creating filter chain: org.springframework.security.web.util.AnyRequestMatcher@1, [org.springframework.security.web.context.SecurityContextPersistenceFilter@433c074, org.springframework.security.web.authentication.logout.LogoutFilter@4f89f53e, org.springframework.security.web.authentication.UsernamePasswordAuthenticationFilter@52678168, org.springframework.security.web.authentication.www.BasicAuthenticationFilter@adfbbf9, org.springframework.security.web.savedrequest.RequestCacheAwareFilter@10f5eab6, org.springframework.security.web.servletapi.SecurityContextHolderAwareRequestFilter@10d5cd93, org.springframework.security.web.authentication.AnonymousAuthenticationFilter@7ed76220, org.springframework.security.web.session.SessionManagementFilter@9201e70, org.springframework.security.web.access.ExceptionTranslationFilter@363ff5b8, org.springframework.security.web.access.intercept.FilterSecurityInterceptor@8381fb9]
2018-08-09 19:33:18 INFO  DefaultFilterChainValidator:122 - Checking whether login URL '/login' is accessible with your configuration
2018-08-09 19:33:18 INFO  ContextLoader:325 - Root WebApplicationContext: initialization completed in 1612 ms
2018-08-09 19:33:26 INFO  DispatcherServlet:479 - FrameworkServlet 'DispatcherServlet': initialization started
2018-08-09 19:33:26 INFO  XmlWebApplicationContext:513 - Refreshing WebApplicationContext for namespace 'DispatcherServlet-servlet': startup date [Thu Aug 09 19:33:26 EDT 2018]; parent: Root WebApplicationContext
2018-08-09 19:33:26 INFO  XmlBeanDefinitionReader:316 - Loading XML bean definitions from ServletContext resource [/WEB-INF/spring/webcontext/DispatcherServlet-context.xml]
2018-08-09 19:33:26 INFO  RequestMappingHandlerMapping:197 - Mapped "{[/order],methods=[],params=[],headers=[],consumes=[],produces=[],custom=[]}" onto public java.lang.String com.vbarbar.bookshelf.controller.OrderController.process()
2018-08-09 19:33:26 INFO  RequestMappingHandlerMapping:197 - Mapped "{[/],methods=[],params=[],headers=[],consumes=[],produces=[],custom=[]}" onto public java.lang.String com.vbarbar.bookshelf.controller.HomeController.welcome(org.springframework.ui.Model)
2018-08-09 19:33:26 INFO  RequestMappingHandlerMapping:197 - Mapped "{[/welcome/greeting],methods=[],params=[],headers=[],consumes=[],produces=[],custom=[]}" onto public java.lang.String com.vbarbar.bookshelf.controller.HomeController.greeting()
2018-08-09 19:33:26 INFO  RequestMappingHandlerMapping:197 - Mapped "{[/books],methods=[],params=[],headers=[],consumes=[],produces=[],custom=[]}" onto public java.lang.String com.vbarbar.bookshelf.controller.BookController.list(org.springframework.ui.Model)
2018-08-09 19:33:26 INFO  RequestMappingHandlerMapping:197 - Mapped "{[/books/{genre}],methods=[],params=[],headers=[],consumes=[],produces=[],custom=[]}" onto public java.lang.String com.vbarbar.bookshelf.controller.BookController.getBooksByGenre(org.springframework.ui.Model,java.lang.String)
2018-08-09 19:33:26 INFO  RequestMappingHandlerMapping:197 - Mapped "{[/books/all],methods=[],params=[],headers=[],consumes=[],produces=[],custom=[]}" onto public java.lang.String com.vbarbar.bookshelf.controller.BookController.allBooks(org.springframework.ui.Model)
2018-08-09 19:33:26 INFO  RequestMappingHandlerMapping:197 - Mapped "{[/books/filter/{byCriteria}],methods=[],params=[],headers=[],consumes=[],produces=[],custom=[]}" onto public java.lang.String com.vbarbar.bookshelf.controller.BookController.getBooksByFilter(java.util.Map<java.lang.String, java.util.List<java.lang.String>>,org.springframework.ui.Model)
2018-08-09 19:33:26 INFO  RequestMappingHandlerMapping:197 - Mapped "{[/books/book],methods=[],params=[],headers=[],consumes=[],produces=[],custom=[]}" onto public java.lang.String com.vbarbar.bookshelf.controller.BookController.getBookById(java.lang.String,org.springframework.ui.Model)
2018-08-09 19:33:26 INFO  RequestMappingHandlerMapping:197 - Mapped "{[/books/add],methods=[GET],params=[],headers=[],consumes=[],produces=[],custom=[]}" onto public java.lang.String com.vbarbar.bookshelf.controller.BookController.getAddNewBookForm(org.springframework.ui.Model)
2018-08-09 19:33:26 INFO  RequestMappingHandlerMapping:197 - Mapped "{[/books/add],methods=[POST],params=[],headers=[],consumes=[],produces=[],custom=[]}" onto public java.lang.String com.vbarbar.bookshelf.controller.BookController.processAddNewBookForm(com.vbarbar.bookshelf.domain.Book,org.springframework.validation.BindingResult,javax.servlet.http.HttpServletRequest)
2018-08-09 19:33:26 INFO  RequestMappingHandlerMapping:197 - Mapped "{[/loginfailed],methods=[GET],params=[],headers=[],consumes=[],produces=[],custom=[]}" onto public java.lang.String com.vbarbar.bookshelf.controller.LoginController.loginerror(org.springframework.ui.Model)
2018-08-09 19:33:26 INFO  RequestMappingHandlerMapping:197 - Mapped "{[/login],methods=[GET],params=[],headers=[],consumes=[],produces=[],custom=[]}" onto public java.lang.String com.vbarbar.bookshelf.controller.LoginController.login()
2018-08-09 19:33:26 INFO  RequestMappingHandlerMapping:197 - Mapped "{[/logout],methods=[GET],params=[],headers=[],consumes=[],produces=[],custom=[]}" onto public java.lang.String com.vbarbar.bookshelf.controller.LoginController.logout(org.springframework.ui.Model)
2018-08-09 19:33:27 INFO  SimpleUrlHandlerMapping:315 - Mapped URL path [/resource/**] onto handler 'org.springframework.web.servlet.resource.ResourceHttpRequestHandler#0'
2018-08-09 19:33:27 INFO  Jaxb2Marshaller:493 - Creating JAXBContext with classes to be bound [class com.vbarbar.bookshelf.domain.Book]
2018-08-09 19:33:27 INFO  DispatcherServlet:498 - FrameworkServlet 'DispatcherServlet': initialization completed in 1607 ms
2018-08-09 19:33:27 INFO  PerformanceMonitorInterceptor:23 - Accessing URL path: /bookshelf/books
2018-08-09 19:33:27 INFO  PerformanceMonitorInterceptor:24 - Request processing started on: 09/08/2018 at 07:33:27
2018-08-09 19:33:27 INFO  PerformanceMonitorInterceptor:29 - Request processing ended on 09/08/2018 at 07:33:27
2018-08-09 19:33:29 INFO  PerformanceMonitorInterceptor:36 - Total time taken for processing: 2102 ms
2018-08-09 19:33:29 INFO  PerformanceMonitorInterceptor:38 - =======================================================
2018-08-09 19:33:30 INFO  PerformanceMonitorInterceptor:23 - Accessing URL path: /bookshelf/resource/images/B0002.png
2018-08-09 19:33:30 INFO  PerformanceMonitorInterceptor:24 - Request processing started on: 09/08/2018 at 07:33:30
2018-08-09 19:33:30 INFO  PerformanceMonitorInterceptor:29 - Request processing ended on 09/08/2018 at 07:33:30
2018-08-09 19:33:30 INFO  PerformanceMonitorInterceptor:36 - Total time taken for processing: 9 ms
2018-08-09 19:33:30 INFO  PerformanceMonitorInterceptor:38 - =======================================================
2018-08-09 19:33:30 INFO  PerformanceMonitorInterceptor:23 - Accessing URL path: /bookshelf/resource/images/B0001.png
2018-08-09 19:33:30 INFO  PerformanceMonitorInterceptor:23 - Accessing URL path: /bookshelf/resource/images/B0003.png
2018-08-09 19:33:30 INFO  PerformanceMonitorInterceptor:24 - Request processing started on: 09/08/2018 at 07:33:30
2018-08-09 19:33:30 INFO  PerformanceMonitorInterceptor:24 - Request processing started on: 09/08/2018 at 07:33:30
2018-08-09 19:33:30 INFO  PerformanceMonitorInterceptor:29 - Request processing ended on 09/08/2018 at 07:33:30
2018-08-09 19:33:30 INFO  PerformanceMonitorInterceptor:36 - Total time taken for processing: 5 ms
2018-08-09 19:33:30 INFO  PerformanceMonitorInterceptor:38 - =======================================================
2018-08-09 19:33:30 INFO  PerformanceMonitorInterceptor:29 - Request processing ended on 09/08/2018 at 07:33:30
2018-08-09 19:33:30 INFO  PerformanceMonitorInterceptor:36 - Total time taken for processing: 45 ms
2018-08-09 19:33:30 INFO  PerformanceMonitorInterceptor:38 - =======================================================
2018-08-09 19:34:01 INFO  XmlWebApplicationContext:873 - Closing WebApplicationContext for namespace 'DispatcherServlet-servlet': startup date [Thu Aug 09 19:33:26 EDT 2018]; parent: Root WebApplicationContext
2018-08-09 19:34:02 INFO  XmlWebApplicationContext:873 - Closing Root WebApplicationContext: startup date [Thu Aug 09 19:33:17 EDT 2018]; root of context hierarchy
